<?xml version="1.0" encoding="UTF-8" standalone="no"?><testsuite errors="0" failures="2" name="Actualizar monitoreo en tiempo real de una flota con el Boton de Actualizar Informacion" skipped="0" tests="2" time="2.13" timestamp="2025-07-04 10:17:19"><testcase name="Actualizar informacion de monitoreo de una flota"><failure message="&#10;Expected: &lt;true&gt;&#10;     but: was &lt;false&gt;" type="java.lang.AssertionError">
Expected: &lt;true&gt;
     but: was &lt;false&gt;</failure><system-err>
Expected: &lt;true&gt;
     but: was &lt;false&gt;&#13;
co.edu.udea.certificacion.monitoreoyreportes.stepdefinitions.MonitoreoFlotaStepDefinition.muestraMonitoreoActualizado(MonitoreoFlotaStepDefinition.java:46)&#13;
worker.org.gradle.process.internal.worker.GradleWorkerMain.run(GradleWorkerMain.java:69)&#13;
worker.org.gradle.process.internal.worker.GradleWorkerMain.main(GradleWorkerMain.java:74)&#13;
</system-err></testcase><testcase name="Fallo en la actualizacion de monitoreo de una flota"><failure message="&#10;Expected: &lt;true&gt;&#10;     but: was &lt;false&gt;" type="java.lang.AssertionError">
Expected: &lt;true&gt;
     but: was &lt;false&gt;</failure><system-err>
Expected: &lt;true&gt;
     but: was &lt;false&gt;&#13;
co.edu.udea.certificacion.monitoreoyreportes.stepdefinitions.MonitoreoFlotaStepDefinition.mensajeFalloActualizacion(MonitoreoFlotaStepDefinition.java:51)&#13;
worker.org.gradle.process.internal.worker.GradleWorkerMain.run(GradleWorkerMain.java:69)&#13;
worker.org.gradle.process.internal.worker.GradleWorkerMain.main(GradleWorkerMain.java:74)&#13;
</system-err></testcase></testsuite>