<?xml version="1.0" encoding="UTF-8" standalone="no"?><testsuite errors="0" failures="2" name="Busqueda de flotas en el Input de Buscar flota" skipped="0" tests="2" time="2.26" timestamp="2025-07-04 10:16:25"><testcase name="Consultar una flota válida por nombre"><failure message="&#10;Expected: &lt;true&gt;&#10;     but: was &lt;false&gt;" type="java.lang.AssertionError">
Expected: &lt;true&gt;
     but: was &lt;false&gt;</failure><system-err>
Expected: &lt;true&gt;
     but: was &lt;false&gt;&#13;
co.edu.udea.certificacion.monitoreoyreportes.stepdefinitions.BuscarFlotaStepDefinition.muestraInformacionFlota(BuscarFlotaStepDefinition.java:47)&#13;
worker.org.gradle.process.internal.worker.GradleWorkerMain.run(GradleWorkerMain.java:69)&#13;
worker.org.gradle.process.internal.worker.GradleWorkerMain.main(GradleWorkerMain.java:74)&#13;
</system-err></testcase><testcase name="Buscar una flota que no existe"><failure message="&#10;Expected: &lt;true&gt;&#10;     but: was &lt;false&gt;" type="java.lang.AssertionError">
Expected: &lt;true&gt;
     but: was &lt;false&gt;</failure><system-err>
Expected: &lt;true&gt;
     but: was &lt;false&gt;&#13;
co.edu.udea.certificacion.monitoreoyreportes.stepdefinitions.BuscarFlotaStepDefinition.mensajeNoResultados(BuscarFlotaStepDefinition.java:52)&#13;
worker.org.gradle.process.internal.worker.GradleWorkerMain.run(GradleWorkerMain.java:69)&#13;
worker.org.gradle.process.internal.worker.GradleWorkerMain.main(GradleWorkerMain.java:74)&#13;
</system-err></testcase></testsuite>